<?xml version="1.0" encoding="UTF-8"?>
<!-- Generated by org.testng.reporters.JUnitReportReporter -->
<testsuite hostname="LAPTOP-RJ1TA7IM" failures="0" tests="1" name="com.amit.testcases.LoginTest" time="7.760" errors="0" timestamp="2020-03-10T21:38:05 IST" skipped="0">
  <testcase classname="com.amit.testcases.LoginTest" name="loginTest" time="7.760"/>
</testsuite> <!-- com.amit.testcases.LoginTest -->
