<?xml version="1.0" encoding="UTF-8"?>
<!-- Generated by org.testng.reporters.JUnitReportReporter -->
<testsuite hostname="LAPTOP-RJ1TA7IM" failures="0" tests="1" name="com.amit.testcases.LoginTest" time="24.967" errors="0" timestamp="16 Mar 2020 02:36:01 GMT" skipped="0">
  <testcase classname="com.amit.testcases.LoginTest" name="loginTest" time="24.967"/>
</testsuite> <!-- com.amit.testcases.LoginTest -->
