<?xml version="1.0" encoding="UTF-8"?>
<!-- Generated by org.testng.reporters.JUnitReportReporter -->
<testsuite hostname="LAPTOP-RJ1TA7IM" failures="0" tests="1" name="com.amit.testcases.CreateAccountTest" time="13.880" errors="0" timestamp="16 Mar 2020 06:45:12 GMT" skipped="0">
  <testcase classname="com.amit.testcases.CreateAccountTest" name="createAccountTest" time="13.880"/>
</testsuite> <!-- com.amit.testcases.CreateAccountTest -->
